
running 1 test
.#.
..#
###
.#.
..#
###
==> ITeration 1
z=-2, w=-1
....
....
....
....
....
....
z=-1, w=-1
....
....
.#..
...#
..#.
....
z=0, w=-1
....
....
.#.#
..#.
..#.
....
z=1, w=-1
....
....
.#..
...#
..#.
....
z=2, w=-1
....
....
....
....
....
....
z=-2, w=0
....
....
....
....
....
....
z=-1, w=0
....
....
.#..
...#
..#.
....
z=0, w=0
....
....
.#.#
..##
..#.
....
z=1, w=0
....
....
.#..
...#
..#.
....
z=2, w=0
....
....
....
....
....
....
z=-2, w=1
....
....
....
....
....
....
z=-1, w=1
....
....
.#..
...#
..#.
....
z=0, w=1
....
....
.#.#
..#.
..#.
....
z=1, w=1
....
....
.#..
...#
..#.
....
z=2, w=1
....
....
....
....
....
....
retval 31
test dec17::tests::dec17_test ... FAILED

failures:

failures:
    dec17::tests::dec17_test

test result: FAILED. 0 passed; 1 failed; 0 ignored; 0 measured; 6 filtered out

